(---------------------------------------------------------------------)
(                                                                     )
(    Cadence Artwork Import                                           )
(                                                                     )
(    Drawing          : ETDS_PCB_ANTENNA.brd                          )
(    Software Version : 16.6P004                                      )
(    Date/Time        : Wed Sep 10 22:39:06 2014                      )
(                                                                     )
(---------------------------------------------------------------------)


Wed Sep 10 22:39:06 2014				Page     1


Processing photoplot file C:/Users/msahadat3/Dropbox/GATech/eTDS_PCB/allegro/T~
OP.art ...
Grids are drawn 32.00, 32.00 apart for enhanced viewability.
Adding the film data on ETCH/TOP.
DRC errors detected.
DRC errors detected.
DRC errors detected.
DRC errors detected.
DRC errors detected.
DRC errors detected.
DRC errors detected.
DRC errors detected.
DRC errors detected.
DRC errors detected.
DRC errors detected.
DRC errors detected.
DRC errors detected.
DRC errors detected.
DRC errors detected.
DRC errors detected.
DRC errors detected.
DRC errors detected.
DRC errors detected.
DRC errors detected.
DRC errors detected.
DRC errors detected.
DRC errors detected.
DRC errors detected.
DRC errors detected.
DRC errors detected.
DRC errors detected.
DRC errors detected.
DRC errors detected.
DRC errors detected.
DRC errors detected.
DRC errors detected.
DRC errors detected.
DRC errors detected.
DRC errors detected.
DRC errors detected.
DRC errors detected.
DRC errors detected.
DRC errors detected.
DRC errors detected.
DRC errors detected.
DRC errors detected.
DRC errors detected.
DRC errors detected.
DRC errors detected.
DRC errors detected.
DRC errors detected.
DRC errors detected.
DRC errors detected.
DRC errors detected.
DRC errors detected.
Wed Sep 10 22:39:06 2014				Page     2


DRC errors detected.
DRC errors detected.
DRC errors detected.
DRC errors detected.
DRC errors detected.
DRC errors detected.
DRC errors detected.
DRC errors detected.
DRC errors detected.
DRC errors detected.
DRC errors detected.
DRC errors detected.
DRC errors detected.
DRC errors detected.
DRC errors detected.
DRC errors detected.
DRC errors detected.
DRC errors detected.
DRC errors detected.
DRC errors detected.
DRC errors detected.
DRC errors detected.
DRC errors detected.
DRC errors detected.
DRC errors detected.
DRC errors detected.
DRC errors detected.
DRC errors detected.
DRC errors detected.
DRC errors detected.
DRC errors detected.
DRC errors detected.
DRC errors detected.
DRC errors detected.
DRC errors detected.
DRC errors detected.
DRC errors detected.
DRC errors detected.
DRC errors detected.
DRC errors detected.
DRC errors detected.
DRC errors detected.
DRC errors detected.
DRC errors detected.
DRC errors detected.
DRC errors detected.
DRC errors detected.
DRC errors detected.
DRC errors detected.
DRC errors detected.
DRC errors detected.
DRC errors detected.
DRC errors detected.
DRC errors detected.
DRC errors detected.
Wed Sep 10 22:39:06 2014				Page     3


DRC errors detected.
DRC errors detected.
DRC errors detected.
DRC errors detected.
DRC errors detected.
DRC errors detected.
DRC errors detected.
DRC errors detected.
DRC errors detected.
DRC errors detected.
DRC errors detected.
DRC errors detected.
DRC errors detected.
DRC errors detected.
DRC errors detected.
DRC errors detected.
DRC errors detected.
DRC errors detected.
DRC errors detected.
DRC errors detected.
DRC errors detected.
DRC errors detected.
DRC errors detected.
DRC errors detected.
DRC errors detected.
DRC errors detected.
DRC errors detected.
DRC errors detected.
DRC errors detected.
DRC errors detected.
DRC errors detected.
DRC errors detected.
DRC errors detected.
DRC errors detected.
DRC errors detected.
DRC errors detected.
DRC errors detected.
DRC errors detected.
DRC errors detected.
DRC errors detected.
DRC errors detected.
DRC errors detected.
DRC errors detected.
DRC errors detected.
DRC errors detected.
DRC errors detected.
DRC errors detected.
DRC errors detected.
DRC errors detected.
DRC errors detected.
DRC errors detected.
DRC errors detected.
DRC errors detected.
DRC errors detected.
Load Photoplot complete.
