
*********************************************************************
                         ROUTER-LOG
*********************************************************************

NEW ROUTE on C:/USERS/MSAHADAT3/DROPBOX/GATECH/BBB_CAPE/allegro/BBB_CAPE_PCB_AN_V_1_1.brd
Started on   Mon May 16 19:54:30 2016
**ERROR - there is no route keepin rectangle
---------------------------------------------------------------------
Statistics at the End of the Route:
----------------------------


    Connection Statistics:        W/Rats      No/Rats      Total
    ----------------------        ------      -------      -----
        Connections                153           0          153
        Already Connected          153           0          153
        Missing Connections          0           0            0
        Connection Completion      100.00%       0.00%      100.00%
        Etch Length (inches)        47.23        0.00        47.23
        Number of vias		   244           0          244
        Vias per Connection          1.58        0.00         1.58
        Smd pins with attached clines                       105



    Total cpu time - 0:15:58 hours
    Total elapsed time - 876:6:29 hours
    Invalid Count Time: 0 0:0:0 hours
    Route ended on  Mon May 16 19:54:30 2016
