(---------------------------------------------------------------------)
(                                                                     )
(    Auto Silkscreen Log File                                         )
(                                                                     )
(    Drawing          : TESTPCB.brd                                   )
(    Software Version : 16.6P004                                      )
(    Date/Time        : Wed Jun 25 18:26:52 2014                      )
(                                                                     )
(---------------------------------------------------------------------)


Generating Auto Silkscreen for both sides of the board.

Copying all elements.

Element to Pad clearance is 5.00
Max Text displacement is 100.00
Min Line Length is 8.00
Allowing 0, 90, 180 and 270 degree text rotations.
No Text Allowed Under Components.
Subclass Selections:
 Board Geometry       : Silkscreen
 Component Value      : None
 Device Type          : None
 Package Geometry     : Silkscreen
 Reference Designator : None
 Tolerance            : None
 User Part Number     : None


     ----- Top Silkscreen -----

Line segment from (7793.00, 16952.00) --> (7793.00, 16953.00) is too small.
Line segment from (7793.00, 16953.00) --> (7792.00, 16953.00) is too small.

     ----- Bottom Silkscreen -----

Line segment from (8080.00, 16715.00) --> (8078.80, 16715.00) is too small.
Line segment from (8116.20, 16585.00) --> (8117.00, 16585.00) is too small.
Total segments less than 8.00, not copied: 4


Total Failures: 0

Log End

