(---------------------------------------------------------------------)
(                                                                     )
(    Allegro Automatic B/B Via Creation                               )
(                                                                     )
(    Software Version : 16.6P004                                      )
(    Date/Time        : Fri Jun 20 21:52:38 2014                      )
(                                                                     )
(---------------------------------------------------------------------)


Prefix for B/B via names: BVIA
Via to be copied: Smd70rec70
Start subclass: TOP
End subclass: GND
Old drawing: C:/Users/msahadat3/Dropbox/GATech/eTDS_PCB/allegro/allegro/#Taaaabl05216.tmp
New drawing: C:/Users/msahadat3/Dropbox/GATech/eTDS_PCB/allegro/allegro/#Taaaabl05216.tmp
Vias added to physical constraint set: DEFAULT

*ERROR: SMD70REC70 is not defined on layer GND. B/B via BVIA-TOP-GND cannot be created.

Number of padstacks created 0
Number of existing padstacks that did not need to be modified: 0
Number of existing padstacks that were modified: 0
Number of existing padstacks that could not be modified: 0

bbvia is complete.
