(---------------------------------------------------------------------)
(                                                                     )
(    Glossing                                                         )
(                                                                     )
(    Drawing          : TESTPCB.brd                                   )
(    Software Version : 16.6P004                                      )
(    Date/Time        : Wed Jul 02 13:39:13 2014                      )
(                                                                     )
(---------------------------------------------------------------------)


**WARNING: Disabling dynamic shapes



Line and Via Cleanup glossing in progress.
Started on Wed Jul 02 13:39:13 2014

 To be cleaned  : lines vias and missing connections
 Number of executions  : 3
 Retry?  : NO
 Clean pin escapes?  : NO
 Slip Slide?  : NO
 Jog size limit is -0.01.

 Etch length/via is -0.01.

 Net length limit is 10000.00.

 Minimum Via Limit : 1
 Maximum 45 limit is 1.00.

*********************************************************************
                         ROUTER-LOG
*********************************************************************

NEW ROUTE on C:/Users/msahadat3/Dropbox/GATech/eTDS_PCB/allegro/allegro/TESTPCB.brd
Started on   Wed Jul 02 13:39:13 2014

---------------------------------------------------------------------
Statistics at the Start of the Route:
----------------------------

    Board Statistics:
    -----------------
        Components:  Placed 38  Unplaced 0  Total 38
        Nets:  W/Rats 35  No/Rats 0  Total 35
        Pins:  W/Rats 133  No/Rats 0  Unused 40  Unplaced 0  Total 173
        Equivalent ICs (1 pin = 1/14 EIC)  12
        Router Keepin (in) (7.5090,16.5690) by (8.5970,17.0360)
        Board area (sq in)  0.5
        Board density (sq in/EIC) 0.041

    Connection Statistics:        W/Rats      No/Rats      Total
    ----------------------        ------      -------      -----
        Connections                 98           0           98
        Already Connected           98           0           98
        Missing Connections          0           0            0
        Connection Completion      100.00%       0.00%      100.00%
        Manh Distance (inches)      16.69
        Etch Length (inches)        12.70        0.00        12.70
        Number of vias		    58           0           58
        Vias per Connection          0.58        0.00         0.58
        Smd pins with attached clines                       109



---------------------------------------------------------------------
General Routing Parameters
--------------------------

    Checkpoint at:  Last step 1:  Last execution 1
    Overwrite router.log
    Auto Save ON
    Dynamic Control OFF
    Direct Path Router OFF
    Component Orientation  HORIZONTAL
    Order Connections Short First
    Max net priority 0
    Corner type: 45
    Side Entry ALLOWED
    DO NOT FORCE to Pin Escape
    Ripup/Cleanup Pin Escapes OFF
    Via Preference OFF


---------------------------------------------------------------------
Layers and Drc Rules
--------------------

    Subclass                          Spacing       Line Width
    Idx Name                Dir   ll    lv    vv    Def   Neck    Via    Max45
    --- ----                ---   --    --    --    ---   ----    ---    ---
     1  TOP                  H  5.00  5.00  5.00   5.00  5.00   15.00  25.00
        X grids:     1.00  Offset: 0.00
        Y grids:     1.00  Offset: 0.00
    --- ----                ---   --    --    --    ---   ----    ---    ---
     4  BOTTOM               V  5.00  5.00  5.00   5.00  5.00   15.00  25.00
        X grids:     1.00  Offset: 0.00
        Y grids:     1.00  Offset: 0.00

    ATTEMPTS: 0 this step: 0 skips:  
    count_invalid 0 in 0  0:0:0 hours
---------------------------------------------------------------------
Statistics at the End of the Route:
----------------------------


    Connection Statistics:        W/Rats      No/Rats      Total
    ----------------------        ------      -------      -----
        Connections                 98           0           98
        Already Connected           98           0           98
        Missing Connections          0           0            0
        Connection Completion      100.00%       0.00%      100.00%
        Etch Length (inches)        12.70        0.00        12.70
        Number of vias		    58           0           58
        Vias per Connection          0.58        0.00         0.58
        Smd pins with attached clines                       109


    Parameters taken from execution 2
    ----------------------------------
    PARAMETERS: Layers  1 4 :
                Window 200.00: Jog-size 150.00: Keep-Away -1: Jog-Limit -1
                Ripup: OFF
                Slide OFF: Length-Limit -1: Hug 0: 
                Vias:  THRU; offset OFF; Limit -1: Via-line-via 0: 
    INS/CLEANUP:  Start   - lines, vias, missing -  no retry
    BITMAP: allocate 2038608 bytes 
    rt_pass6:rt_bldwin: num 248  area 7785965  time 1544 0:0:15 hours
    ATTEMPTS: 1 this step: 0 skips:  
    BITMAP: no allocate 
    rt_pass6:rt_bldwin:oops num 249  area 7938065  time 1592 0:0:15 hours
    rt_pass6:rt_bldwin: num 254  area 8040867  time 1598 0:0:15 hours
    ATTEMPTS: 1 this step: 0 skips:  
    BITMAP: no allocate 
    rt_pass6:rt_bldwin:oops num 255  area 8192967  time 1645 0:0:16 hours
    rt_pass6:rt_bldwin: num 262  area 8299361  time 1653 0:0:16 hours
    ATTEMPTS: 1 this step: 0 skips:  
    BITMAP: no allocate 
    rt_pass6:rt_bldwin:oops num 263  area 8451461  time 1701 0:0:17 hours
    rt_pass6:rt_bldwin: num 266  area 8499116  time 1704 0:0:17 hours
    ATTEMPTS: 1 this step: 0 skips:  
    BITMAP: no allocate 
    rt_pass6:rt_bldwin:oops num 267  area 8651216  time 1752 0:0:17 hours
    rt_pass6:rt_bldwin: num 276  area 8799652  time 1763 0:0:17 hours
    ATTEMPTS: 3 this step: 0 skips:  
    BITMAP: no allocate 
    rt_pass6:rt_bldwin:oops num 277  area 8951752  time 1810 0:0:18 hours
    rt_pass6:rt_bldwin: num 280  area 9008062  time 1814 0:0:18 hours
    ATTEMPTS: 1 this step: 0 skips:  
    BITMAP: no allocate 
    rt_pass6:rt_bldwin:oops num 281  area 9160162  time 1862 0:0:18 hours
    rt_pass6:rt_bldwin: num 288  area 9267604  time 1867 0:0:18 hours
    ATTEMPTS: 1 this step: 0 skips:  
    BITMAP: no allocate 
    rt_pass6:rt_bldwin:oops num 289  area 9419704  time 1915 0:0:19 hours
    rt_pass6:rt_bldwin: num 298  area 9589978  time 1928 0:0:19 hours
    ATTEMPTS: 3 this step: 0 skips:  
    BITMAP: no allocate 
    rt_pass6:rt_bldwin:oops num 299  area 9742078  time 1975 0:0:19 hours
    rt_pass6:rt_bldwin: num 300  area 9753110  time 1977 0:0:19 hours
    ATTEMPTS: 0 this step: 0 skips:  
    rt_pass6:rt_bldwin:oops num 301  area 9905210  time 2025 0:0:20 hours
    rt_pass6:rt_bldwin: num 319  area 10089144  time 2035 0:0:20 hours
    ATTEMPTS: 8 this step: 0 skips:  
    BITMAP: no allocate 
**WARNING - no source found (831000,1667400) net = VCC3V
**WARNING - no source found (757400,1672800) net = VCC3V
**WARNING - no target found (760800,1701366)
**WARNING - no source found (773400,1692800) net = VCC3V
**WARNING - no target found (777200,1701500)
**WARNING - no source found (777200,1701500) net = VCC3V
**WARNING - no target found (788400,1697266)
**WARNING - no source found (788400,1697266) net = VCC3V
**WARNING - no target found (816327,1699900)
**WARNING - no source found (816327,1699900) net = VCC3V
**WARNING - no target found (821400,1700800)
**WARNING - no source found (760800,1701366) net = VCC3V
**WARNING - no target found (777200,1701500)
    rt_pass6:rt_bldwin:oops num 320  area 10241244  time 2084 0:0:20 hours
    INS/CLEANUP:  Finished - detch=0.00 dvias=0 cputime=  0:01:54
    ATTEMPTS: 0 this step: 0 skips:  
    count_invalid 0 in 0  0:0:0 hours
---------------------------------------------------------------------
Statistics at the End of the Route:
----------------------------


    Connection Statistics:        W/Rats      No/Rats      Total
    ----------------------        ------      -------      -----
        Connections                 98           0           98
        Already Connected           98           0           98
        Missing Connections          0           0            0
        Connection Completion      100.00%       0.00%      100.00%
        Etch Length (inches)        12.70        0.00        12.70
        Number of vias		    58           0           58
        Vias per Connection          0.58        0.00         0.58
        Smd pins with attached clines                       109


    Parameters taken from execution 2
    ----------------------------------
    PARAMETERS: Layers  1 4 :
                Window 200.00: Jog-size 150.00: Keep-Away -1: Jog-Limit -1
                Ripup: OFF
                Slide OFF: Length-Limit -1: Hug 0: 
                Vias:  THRU; offset OFF; Limit -1: Via-line-via 0: 
    INS/CLEANUP:  Start   - lines, vias, missing -  no retry
    BITMAP: no allocate 
    rt_pass6:rt_bldwin: num 325  area 10342762  time 2088 0:0:20 hours
    ATTEMPTS: 1 this step: 0 skips:  
    BITMAP: no allocate 
    rt_pass6:rt_bldwin:oops num 326  area 10494862  time 2134 0:0:21 hours
    rt_pass6:rt_bldwin: num 331  area 10597664  time 2140 0:0:21 hours
    ATTEMPTS: 1 this step: 0 skips:  
    BITMAP: no allocate 
    rt_pass6:rt_bldwin:oops num 332  area 10749764  time 2187 0:0:21 hours
    rt_pass6:rt_bldwin: num 339  area 10856158  time 2194 0:0:21 hours
    ATTEMPTS: 1 this step: 0 skips:  
    BITMAP: no allocate 
    rt_pass6:rt_bldwin:oops num 340  area 11008258  time 2242 0:0:22 hours
    rt_pass6:rt_bldwin: num 343  area 11055913  time 2245 0:0:22 hours
    ATTEMPTS: 1 this step: 0 skips:  
    BITMAP: no allocate 
    rt_pass6:rt_bldwin:oops num 344  area 11208013  time 2293 0:0:22 hours
    rt_pass6:rt_bldwin: num 353  area 11356449  time 2303 0:0:23 hours
    ATTEMPTS: 3 this step: 0 skips:  
    BITMAP: no allocate 
    rt_pass6:rt_bldwin:oops num 354  area 11508549  time 2350 0:0:23 hours
    rt_pass6:rt_bldwin: num 357  area 11564859  time 2355 0:0:23 hours
    ATTEMPTS: 1 this step: 0 skips:  
    BITMAP: no allocate 
    rt_pass6:rt_bldwin:oops num 358  area 11716959  time 2403 0:0:24 hours
    rt_pass6:rt_bldwin: num 365  area 11824401  time 2408 0:0:24 hours
    ATTEMPTS: 1 this step: 0 skips:  
    BITMAP: no allocate 
    rt_pass6:rt_bldwin:oops num 366  area 11976501  time 2457 0:0:24 hours
    rt_pass6:rt_bldwin: num 375  area 12146775  time 2468 0:0:24 hours
    ATTEMPTS: 3 this step: 0 skips:  
    BITMAP: no allocate 
    rt_pass6:rt_bldwin:oops num 376  area 12298875  time 2515 0:0:25 hours
    rt_pass6:rt_bldwin: num 377  area 12309907  time 2516 0:0:25 hours
    ATTEMPTS: 0 this step: 0 skips:  
    rt_pass6:rt_bldwin:oops num 378  area 12462007  time 2565 0:0:25 hours
    rt_pass6:rt_bldwin: num 396  area 12645941  time 2576 0:0:25 hours
    ATTEMPTS: 8 this step: 0 skips:  
    BITMAP: no allocate 
**WARNING - no source found (831000,1667400) net = VCC3V
**WARNING - no source found (757400,1672800) net = VCC3V
**WARNING - no target found (760800,1701366)
**WARNING - no source found (773400,1692800) net = VCC3V
**WARNING - no target found (777200,1701500)
**WARNING - no source found (777200,1701500) net = VCC3V
**WARNING - no target found (788400,1697266)
**WARNING - no source found (788400,1697266) net = VCC3V
**WARNING - no target found (816327,1699900)
**WARNING - no source found (816327,1699900) net = VCC3V
**WARNING - no target found (821400,1700800)
**WARNING - no source found (760800,1701366) net = VCC3V
**WARNING - no target found (777200,1701500)
    rt_pass6:rt_bldwin:oops num 397  area 12798041  time 2625 0:0:26 hours
    INS/CLEANUP:  Finished - detch=0.00 dvias=0 cputime=  0:01:54
    ATTEMPTS: 0 this step: 0 skips:  
    count_invalid 0 in 0  0:0:0 hours
---------------------------------------------------------------------
Statistics at the End of the Route:
----------------------------


    Connection Statistics:        W/Rats      No/Rats      Total
    ----------------------        ------      -------      -----
        Connections                 98           0           98
        Already Connected           98           0           98
        Missing Connections          0           0            0
        Connection Completion      100.00%       0.00%      100.00%
        Etch Length (inches)        12.70        0.00        12.70
        Number of vias		    58           0           58
        Vias per Connection          0.58        0.00         0.58
        Smd pins with attached clines                       109


    Parameters taken from execution 2
    ----------------------------------
    PARAMETERS: Layers  1 4 :
                Window 200.00: Jog-size 150.00: Keep-Away -1: Jog-Limit -1
                Ripup: OFF
                Slide OFF: Length-Limit -1: Hug 0: 
                Vias:  THRU; offset OFF; Limit -1: Via-line-via 0: 
    INS/CLEANUP:  Start   - lines, vias, missing -  no retry
    BITMAP: no allocate 
    rt_pass6:rt_bldwin: num 402  area 12899559  time 2629 0:0:26 hours
    ATTEMPTS: 1 this step: 0 skips:  
    BITMAP: no allocate 
    rt_pass6:rt_bldwin:oops num 403  area 13051659  time 2676 0:0:26 hours
    rt_pass6:rt_bldwin: num 408  area 13154461  time 2681 0:0:26 hours
    ATTEMPTS: 1 this step: 0 skips:  
    BITMAP: no allocate 
    rt_pass6:rt_bldwin:oops num 409  area 13306561  time 2729 0:0:27 hours
    rt_pass6:rt_bldwin: num 416  area 13412955  time 2736 0:0:27 hours
    ATTEMPTS: 1 this step: 0 skips:  
    BITMAP: no allocate 
    rt_pass6:rt_bldwin:oops num 417  area 13565055  time 2784 0:0:27 hours
    rt_pass6:rt_bldwin: num 420  area 13612710  time 2787 0:0:27 hours
    ATTEMPTS: 1 this step: 0 skips:  
    BITMAP: no allocate 
    rt_pass6:rt_bldwin:oops num 421  area 13764810  time 2834 0:0:28 hours
    rt_pass6:rt_bldwin: num 430  area 13913246  time 2844 0:0:28 hours
    ATTEMPTS: 3 this step: 0 skips:  
    BITMAP: no allocate 
    rt_pass6:rt_bldwin:oops num 431  area 14065346  time 2891 0:0:28 hours
    rt_pass6:rt_bldwin: num 434  area 14121656  time 2895 0:0:28 hours
    ATTEMPTS: 1 this step: 0 skips:  
    BITMAP: no allocate 
    rt_pass6:rt_bldwin:oops num 435  area 14273756  time 2943 0:0:29 hours
    rt_pass6:rt_bldwin: num 442  area 14381198  time 2949 0:0:29 hours
    ATTEMPTS: 1 this step: 0 skips:  
    BITMAP: no allocate 
    rt_pass6:rt_bldwin:oops num 443  area 14533298  time 2997 0:0:29 hours
    rt_pass6:rt_bldwin: num 452  area 14703572  time 3008 0:0:30 hours
    ATTEMPTS: 3 this step: 0 skips:  
    BITMAP: no allocate 
    rt_pass6:rt_bldwin:oops num 453  area 14855672  time 3055 0:0:30 hours
    rt_pass6:rt_bldwin: num 454  area 14866704  time 3057 0:0:30 hours
    ATTEMPTS: 0 this step: 0 skips:  
    rt_pass6:rt_bldwin:oops num 455  area 15018804  time 3106 0:0:31 hours
    rt_pass6:rt_bldwin: num 473  area 15202738  time 3118 0:0:31 hours
    ATTEMPTS: 8 this step: 0 skips:  
    BITMAP: no allocate 
**WARNING - no source found (831000,1667400) net = VCC3V
**WARNING - no source found (757400,1672800) net = VCC3V
**WARNING - no target found (760800,1701366)
**WARNING - no source found (773400,1692800) net = VCC3V
**WARNING - no target found (777200,1701500)
**WARNING - no source found (777200,1701500) net = VCC3V
**WARNING - no target found (788400,1697266)
**WARNING - no source found (788400,1697266) net = VCC3V
**WARNING - no target found (816327,1699900)
**WARNING - no source found (816327,1699900) net = VCC3V
**WARNING - no target found (821400,1700800)
**WARNING - no source found (760800,1701366) net = VCC3V
**WARNING - no target found (777200,1701500)
    rt_pass6:rt_bldwin:oops num 474  area 15354838  time 3167 0:0:31 hours
    INS/CLEANUP:  Finished - detch=0.00 dvias=0 cputime=  0:01:54
    ATTEMPTS: 0 this step: 0 skips:  
    count_invalid 0 in 0  0:0:0 hours
---------------------------------------------------------------------
Statistics at the End of the Route:
----------------------------


    Connection Statistics:        W/Rats      No/Rats      Total
    ----------------------        ------      -------      -----
        Connections                 98           0           98
        Already Connected           98           0           98
        Missing Connections          0           0            0
        Connection Completion      100.00%       0.00%      100.00%
        Etch Length (inches)        12.70        0.00        12.70
        Number of vias		    58           0           58
        Vias per Connection          0.58        0.00         0.58
        Smd pins with attached clines                       109



    Total cpu time - 0:5:44 hours
    Total elapsed time - 0:5:46 hours
    Invalid Count Time: 0 0:0:0 hours
    Route ended on  Wed Jul 02 13:45:00 2014


Elapsed time:  0 hr 5 min 46 sec ( 0.10 hr)
Actual time of completion: Wed Jul 02 13:45:00 2014

Error from Line & Via Cleanup Glossing = 0



Line Fattening glossing in progress.
Started on Wed Jul 02 13:45:00 2014
	Line Fattening Parameters
	-------------------------

	Layer Name		Width	Potential Widths
	DEFAULT			5.00	0.00 0.00 0.00 0.00
	TOP			5.00	0.00 0.00 0.00 0.00
	GND			5.00	0.00 0.00 0.00 0.00
	BOTTOM			5.00	0.00 0.00 0.00 0.00
Pass 1 Candidates 285 Fattened 0 Failed 285 Skipped 0 (  0%)


Elapsed time:  0 hr 0 min 1 sec ( 0.00 hr)
Actual time of completion: Wed Jul 02 13:45:01 2014

Number of errors from Line Fattening Glossing = 0



Line Smooth glossing in progress.
Started on Wed Jul 02 13:45:01 2014

 Smooth Functions  :  bubbles maximize 45 jogs dangling clines add 45s
 Number of executions  : 3
 Corner type  : 45
 Length limit is -0.01.

 Maximum 45 limit is -0.01.


Elapsed time:  0 hr 0 min 2 sec ( 0.00 hr)
Actual time of completion: Wed Jul 02 13:45:03 2014

 - 0 - Error(s) from Line smooth Glossing

WARNING: Glossing operations may leave fillets out of date.


Glossing complete.
